This file contains any messages produced by compilers while
running configure, to aid debugging if configure makes a mistake.

It was created by somena configure 1.0.1, which was
generated by GNU Autoconf 2.69.  Invocation command line was

  $ ./configure --prefix=/var/tmp/kiening/SomeNA/

## --------- ##
## Platform. ##
## --------- ##

hostname = n0d.rostclust
uname -m = x86_64
uname -r = 3.2.0-4-amd64
uname -s = Linux
uname -v = #1 SMP Debian 3.2.41-2+deb7u2

/usr/bin/uname -p = unknown
/bin/uname -X     = unknown

/bin/arch              = unknown
/usr/bin/arch -k       = unknown
/usr/convex/getsysinfo = unknown
/usr/bin/hostinfo      = unknown
/bin/machine           = unknown
/usr/bin/oslevel       = unknown
/bin/universe          = unknown

PATH: /usr/local/bin
PATH: /usr/bin
PATH: /bin
PATH: /usr/games


## ----------- ##
## Core tests. ##
## ----------- ##

configure:1741: checking for a BSD-compatible install
configure:1809: result: /usr/bin/install -c
configure:1820: checking whether build environment is sane
configure:1870: result: yes
configure:2011: checking for a thread-safe mkdir -p
configure:2050: result: /bin/mkdir -p
configure:2063: checking for gawk
configure:2079: found /usr/bin/gawk
configure:2090: result: gawk
configure:2101: checking whether make sets $(MAKE)
configure:2123: result: yes
configure:2362: creating ./config.status

## ---------------------- ##
## Running config.status. ##
## ---------------------- ##

This file was extended by somena config.status 1.0.1, which was
generated by GNU Autoconf 2.69.  Invocation command line was

  CONFIG_FILES    = 
  CONFIG_HEADERS  = 
  CONFIG_LINKS    = 
  CONFIG_COMMANDS = 
  $ ./config.status 

on n0d.rostclust

config.status:746: creating Makefile
config.status:746: creating Build.PL
config.status:746: creating examples/Makefile
config.status:746: creating lib/Makefile
config.status:746: creating lib/RG/Makefile
config.status:746: creating lib/RG/SomeNA/Makefile
config.status:746: creating scripts/Makefile
config.status:746: creating share/Makefile

## ---------------- ##
## Cache variables. ##
## ---------------- ##

ac_cv_env_build_alias_set=
ac_cv_env_build_alias_value=
ac_cv_env_host_alias_set=
ac_cv_env_host_alias_value=
ac_cv_env_target_alias_set=
ac_cv_env_target_alias_value=
ac_cv_path_install='/usr/bin/install -c'
ac_cv_path_mkdir=/bin/mkdir
ac_cv_prog_AWK=gawk
ac_cv_prog_make_make_set=yes

## ----------------- ##
## Output variables. ##
## ----------------- ##

ACLOCAL='${SHELL} /mnt/project/disis2/somena-package/somena-1.0.1/missing --run aclocal-1.11'
AMTAR='$${TAR-tar}'
AUTOCONF='${SHELL} /mnt/project/disis2/somena-package/somena-1.0.1/missing --run autoconf'
AUTOHEADER='${SHELL} /mnt/project/disis2/somena-package/somena-1.0.1/missing --run autoheader'
AUTOMAKE='${SHELL} /mnt/project/disis2/somena-package/somena-1.0.1/missing --run automake-1.11'
AWK='gawk'
CYGPATH_W='echo'
DEFS='-DPACKAGE_NAME=\"somena\" -DPACKAGE_TARNAME=\"somena\" -DPACKAGE_VERSION=\"1.0.1\" -DPACKAGE_STRING=\"somena\ 1.0.1\" -DPACKAGE_BUGREPORT=\"hoenigschmid@rostlab.org\" -DPACKAGE_URL=\"\" -DPACKAGE=\"somena\" -DVERSION=\"1.0.1\"'
ECHO_C=''
ECHO_N='-n'
ECHO_T=''
INSTALL_BASE_ARG='install_base=/var/tmp/kiening/SomeNA'
INSTALL_DATA='${INSTALL} -m 644'
INSTALL_PROGRAM='${INSTALL}'
INSTALL_SCRIPT='${INSTALL}'
INSTALL_STRIP_PROGRAM='$(install_sh) -c -s'
LIBOBJS=''
LIBS=''
LTLIBOBJS=''
MAKEINFO='${SHELL} /mnt/project/disis2/somena-package/somena-1.0.1/missing --run makeinfo'
MKDIR_P='/bin/mkdir -p'
PACKAGE='somena'
PACKAGE_BUGREPORT='hoenigschmid@rostlab.org'
PACKAGE_NAME='somena'
PACKAGE_STRING='somena 1.0.1'
PACKAGE_TARNAME='somena'
PACKAGE_URL=''
PACKAGE_VERSION='1.0.1'
PATH_SEPARATOR=':'
SET_MAKE=''
SHELL='/bin/sh'
STRIP=''
VERSION='1.0.1'
am__isrc=''
am__leading_dot='.'
am__tar='$${TAR-tar} chof - "$$tardir"'
am__untar='$${TAR-tar} xf -'
bindir='${exec_prefix}/bin'
build_alias=''
datadir='${datarootdir}'
datarootdir='${prefix}/share'
docdir='${datarootdir}/doc/${PACKAGE_TARNAME}'
dvidir='${docdir}'
exec_prefix='${prefix}'
host_alias=''
htmldir='${docdir}'
includedir='${prefix}/include'
infodir='${datarootdir}/info'
install_sh='${SHELL} /mnt/project/disis2/somena-package/somena-1.0.1/install-sh'
libdir='${exec_prefix}/lib'
libexecdir='${exec_prefix}/libexec'
localedir='${datarootdir}/locale'
localstatedir='${prefix}/var'
mandir='${datarootdir}/man'
mkdir_p='/bin/mkdir -p'
oldincludedir='/usr/include'
pdfdir='${docdir}'
prefix='/var/tmp/kiening/SomeNA'
program_transform_name='s,x,x,'
psdir='${docdir}'
sbindir='${exec_prefix}/sbin'
sharedstatedir='${prefix}/com'
sysconfdir='${prefix}/etc'
target_alias=''

## ----------- ##
## confdefs.h. ##
## ----------- ##

/* confdefs.h */
#define PACKAGE_NAME "somena"
#define PACKAGE_TARNAME "somena"
#define PACKAGE_VERSION "1.0.1"
#define PACKAGE_STRING "somena 1.0.1"
#define PACKAGE_BUGREPORT "hoenigschmid@rostlab.org"
#define PACKAGE_URL ""
#define PACKAGE "somena"
#define VERSION "1.0.1"

configure: exit 0
